Release 14.7 - xst P.20131013 (nt64)
Copyright (c) 1995-2013 Xilinx, Inc.  All rights reserved.
--> Parameter TMPDIR set to xst/projnav.tmp


Total REAL time to Xst completion: 0.00 secs
Total CPU time to Xst completion: 0.17 secs
 
--> Parameter xsthdpdir set to xst


Total REAL time to Xst completion: 0.00 secs
Total CPU time to Xst completion: 0.17 secs
 
--> Reading design: contador5.prj

TABLE OF CONTENTS
  1) Synthesis Options Summary
  2) HDL Compilation
  3) Design Hierarchy Analysis
  4) HDL Analysis
  5) HDL Synthesis
     5.1) HDL Synthesis Report
  6) Advanced HDL Synthesis
     6.1) Advanced HDL Synthesis Report
  7) Low Level Synthesis
  8) Partition Report
  9) Final Report
	9.1) Device utilization summary
	9.2) Partition Resource Summary
	9.3) TIMING REPORT


=========================================================================
*                      Synthesis Options Summary                        *
=========================================================================
---- Source Parameters
Input File Name                    : "contador5.prj"
Input Format                       : mixed
Ignore Synthesis Constraint File   : NO

---- Target Parameters
Output File Name                   : "contador5"
Output Format                      : NGC
Target Device                      : xc3s50-5-pq208

---- Source Options
Top Module Name                    : contador5
Automatic FSM Extraction           : YES
FSM Encoding Algorithm             : Auto
Safe Implementation                : No
FSM Style                          : LUT
RAM Extraction                     : Yes
RAM Style                          : Auto
ROM Extraction                     : Yes
Mux Style                          : Auto
Decoder Extraction                 : YES
Priority Encoder Extraction        : Yes
Shift Register Extraction          : YES
Logical Shifter Extraction         : YES
XOR Collapsing                     : YES
ROM Style                          : Auto
Mux Extraction                     : Yes
Resource Sharing                   : YES
Asynchronous To Synchronous        : NO
Multiplier Style                   : Auto
Automatic Register Balancing       : No

---- Target Options
Add IO Buffers                     : YES
Global Maximum Fanout              : 100000
Add Generic Clock Buffer(BUFG)     : 8
Register Duplication               : YES
Slice Packing                      : YES
Optimize Instantiated Primitives   : NO
Use Clock Enable                   : Yes
Use Synchronous Set                : Yes
Use Synchronous Reset              : Yes
Pack IO Registers into IOBs        : Auto
Equivalent register Removal        : YES

---- General Options
Optimization Goal                  : Speed
Optimization Effort                : 1
Keep Hierarchy                     : No
Netlist Hierarchy                  : As_Optimized
RTL Output                         : Yes
Global Optimization                : AllClockNets
Read Cores                         : YES
Write Timing Constraints           : NO
Cross Clock Analysis               : NO
Hierarchy Separator                : /
Bus Delimiter                      : <>
Case Specifier                     : Maintain
Slice Utilization Ratio            : 100
BRAM Utilization Ratio             : 100
Verilog 2001                       : YES
Auto BRAM Packing                  : NO
Slice Utilization Ratio Delta      : 5

=========================================================================


=========================================================================
*                          HDL Compilation                              *
=========================================================================
Compiling vhdl file "C:/Xilinx/Ejercicios_Replicas/contador5.vhd" in Library work.
Entity <contador5> compiled.
Entity <contador5> (Architecture <modulo>) compiled.

=========================================================================
*                     Design Hierarchy Analysis                         *
=========================================================================
Analyzing hierarchy for entity <contador5> in library <work> (architecture <modulo>).


=========================================================================
*                            HDL Analysis                               *
=========================================================================
Analyzing Entity <contador5> in library <work> (Architecture <modulo>).
Entity <contador5> analyzed. Unit <contador5> generated.


=========================================================================
*                           HDL Synthesis                               *
=========================================================================

Performing bidirectional port resolution...

Synthesizing Unit <contador5>.
    Related source file is "C:/Xilinx/Ejercicios_Replicas/contador5.vhd".
    Found 3-bit updown counter for signal <Q>.
    Summary:
	inferred   1 Counter(s).
Unit <contador5> synthesized.


=========================================================================
HDL Synthesis Report

Macro Statistics
# Counters                                             : 1
 3-bit updown counter                                  : 1

=========================================================================

=========================================================================
*                       Advanced HDL Synthesis                          *
=========================================================================


=========================================================================
Advanced HDL Synthesis Report

Macro Statistics
# Counters                                             : 1
 3-bit updown counter                                  : 1

=========================================================================

=========================================================================
*                         Low Level Synthesis                           *
=========================================================================

Optimizing unit <contador5> ...

Mapping all equations...
Building and optimizing final netlist ...
Found area constraint ratio of 100 (+ 5) on block contador5, actual ratio is 0.

Final Macro Processing ...

=========================================================================
Final Register Report

Macro Statistics
# Registers                                            : 3
 Flip-Flops                                            : 3

=========================================================================

=========================================================================
*                           Partition Report                            *
=========================================================================

Partition Implementation Status
-------------------------------

  No Partitions were found in this design.

-------------------------------

=========================================================================
*                            Final Report                               *
=========================================================================
Final Results
RTL Top Level Output File Name     : contador5.ngr
Top Level Output File Name         : contador5
Output Format                      : NGC
Optimization Goal                  : Speed
Keep Hierarchy                     : No

Design Statistics
# IOs                              : 9

Cell Usage :
# BELS                             : 6
#      LUT3                        : 1
#      LUT3_L                      : 1
#      LUT4                        : 3
#      MUXF5                       : 1
# FlipFlops/Latches                : 3
#      FD                          : 3
# Clock Buffers                    : 1
#      BUFGP                       : 1
# IO Buffers                       : 8
#      IBUF                        : 5
#      OBUF                        : 3
=========================================================================

Device utilization summary:
---------------------------

Selected Device : 3s50pq208-5 

 Number of Slices:                        3  out of    768     0%  
 Number of Slice Flip Flops:              3  out of   1536     0%  
 Number of 4 input LUTs:                  5  out of   1536     0%  
 Number of IOs:                           9
 Number of bonded IOBs:                   9  out of    124     7%  
 Number of GCLKs:                         1  out of      8    12%  

---------------------------
Partition Resource Summary:
---------------------------

  No Partitions were found in this design.

---------------------------


=========================================================================
TIMING REPORT

NOTE: THESE TIMING NUMBERS ARE ONLY A SYNTHESIS ESTIMATE.
      FOR ACCURATE TIMING INFORMATION PLEASE REFER TO THE TRACE REPORT
      GENERATED AFTER PLACE-and-ROUTE.

Clock Information:
------------------
-----------------------------------+------------------------+-------+
Clock Signal                       | Clock buffer(FF name)  | Load  |
-----------------------------------+------------------------+-------+
clk                                | BUFGP                  | 3     |
-----------------------------------+------------------------+-------+

Asynchronous Control Signals Information:
----------------------------------------
No asynchronous control signals found in this design

Timing Summary:
---------------
Speed Grade: -5

   Minimum period: 2.824ns (Maximum Frequency: 354.114MHz)
   Minimum input arrival time before clock: 3.038ns
   Maximum output required time after clock: 6.318ns
   Maximum combinational path delay: No path found

Timing Detail:
--------------
All values displayed in nanoseconds (ns)

=========================================================================
Timing constraint: Default period analysis for Clock 'clk'
  Clock period: 2.824ns (frequency: 354.114MHz)
  Total number of paths / destination ports: 7 / 3
-------------------------------------------------------------------------
Delay:               2.824ns (Levels of Logic = 2)
  Source:            Q_1 (FF)
  Destination:       Q_2 (FF)
  Source Clock:      clk rising
  Destination Clock: clk rising

  Data Path: Q_1 to Q_2
                                Gate     Net
    Cell:in->out      fanout   Delay   Delay  Logical Name (Net Name)
    ----------------------------------------  ------------
     FD:C->Q               3   0.626   0.941  Q_1 (Q_1)
     LUT3_L:I1->LO         1   0.479   0.123  Mcount_Q_xor<2>1_SW0 (N8)
     LUT4:I3->O            1   0.479   0.000  Mcount_Q_xor<2>1 (Mcount_Q3)
     FD:D                      0.176          Q_2
    ----------------------------------------
    Total                      2.824ns (1.760ns logic, 1.064ns route)
                                       (62.3% logic, 37.7% route)

=========================================================================
Timing constraint: Default OFFSET IN BEFORE for Clock 'clk'
  Total number of paths / destination ports: 11 / 3
-------------------------------------------------------------------------
Offset:              3.038ns (Levels of Logic = 3)
  Source:            UP (PAD)
  Destination:       Q_2 (FF)
  Destination Clock: clk rising

  Data Path: UP to Q_2
                                Gate     Net
    Cell:in->out      fanout   Delay   Delay  Logical Name (Net Name)
    ----------------------------------------  ------------
     IBUF:I->O             3   0.715   1.066  UP_IBUF (UP_IBUF)
     LUT3_L:I0->LO         1   0.479   0.123  Mcount_Q_xor<2>1_SW0 (N8)
     LUT4:I3->O            1   0.479   0.000  Mcount_Q_xor<2>1 (Mcount_Q3)
     FD:D                      0.176          Q_2
    ----------------------------------------
    Total                      3.038ns (1.849ns logic, 1.189ns route)
                                       (60.9% logic, 39.1% route)

=========================================================================
Timing constraint: Default OFFSET OUT AFTER for Clock 'clk'
  Total number of paths / destination ports: 3 / 3
-------------------------------------------------------------------------
Offset:              6.318ns (Levels of Logic = 1)
  Source:            Q_0 (FF)
  Destination:       Q<0> (PAD)
  Source Clock:      clk rising

  Data Path: Q_0 to Q<0>
                                Gate     Net
    Cell:in->out      fanout   Delay   Delay  Logical Name (Net Name)
    ----------------------------------------  ------------
     FD:C->Q               5   0.626   0.783  Q_0 (Q_0)
     OBUF:I->O                 4.909          Q_0_OBUF (Q<0>)
    ----------------------------------------
    Total                      6.318ns (5.535ns logic, 0.783ns route)
                                       (87.6% logic, 12.4% route)

=========================================================================


Total REAL time to Xst completion: 5.00 secs
Total CPU time to Xst completion: 5.68 secs
 
--> 

Total memory usage is 4497472 kilobytes

Number of errors   :    0 (   0 filtered)
Number of warnings :    0 (   0 filtered)
Number of infos    :    0 (   0 filtered)

