Release 14.7 - xst P.20131013 (nt64)
Copyright (c) 1995-2013 Xilinx, Inc.  All rights reserved.
--> Parameter TMPDIR set to xst/projnav.tmp


Total REAL time to Xst completion: 1.00 secs
Total CPU time to Xst completion: 0.15 secs
 
--> Parameter xsthdpdir set to xst


Total REAL time to Xst completion: 1.00 secs
Total CPU time to Xst completion: 0.15 secs
 
--> Reading design: diag.prj

TABLE OF CONTENTS
  1) Synthesis Options Summary
  2) HDL Compilation
  3) Design Hierarchy Analysis
  4) HDL Analysis
  5) HDL Synthesis
     5.1) HDL Synthesis Report
  6) Advanced HDL Synthesis
     6.1) Advanced HDL Synthesis Report
  7) Low Level Synthesis
  8) Partition Report
  9) Final Report
	9.1) Device utilization summary
	9.2) Partition Resource Summary
	9.3) TIMING REPORT


=========================================================================
*                      Synthesis Options Summary                        *
=========================================================================
---- Source Parameters
Input File Name                    : "diag.prj"
Input Format                       : mixed
Ignore Synthesis Constraint File   : NO

---- Target Parameters
Output File Name                   : "diag"
Output Format                      : NGC
Target Device                      : xc3s50-5-pq208

---- Source Options
Top Module Name                    : diag
Automatic FSM Extraction           : YES
FSM Encoding Algorithm             : Auto
Safe Implementation                : No
FSM Style                          : LUT
RAM Extraction                     : Yes
RAM Style                          : Auto
ROM Extraction                     : Yes
Mux Style                          : Auto
Decoder Extraction                 : YES
Priority Encoder Extraction        : Yes
Shift Register Extraction          : YES
Logical Shifter Extraction         : YES
XOR Collapsing                     : YES
ROM Style                          : Auto
Mux Extraction                     : Yes
Resource Sharing                   : YES
Asynchronous To Synchronous        : NO
Multiplier Style                   : Auto
Automatic Register Balancing       : No

---- Target Options
Add IO Buffers                     : YES
Global Maximum Fanout              : 100000
Add Generic Clock Buffer(BUFG)     : 8
Register Duplication               : YES
Slice Packing                      : YES
Optimize Instantiated Primitives   : NO
Use Clock Enable                   : Yes
Use Synchronous Set                : Yes
Use Synchronous Reset              : Yes
Pack IO Registers into IOBs        : Auto
Equivalent register Removal        : YES

---- General Options
Optimization Goal                  : Speed
Optimization Effort                : 1
Keep Hierarchy                     : No
Netlist Hierarchy                  : As_Optimized
RTL Output                         : Yes
Global Optimization                : AllClockNets
Read Cores                         : YES
Write Timing Constraints           : NO
Cross Clock Analysis               : NO
Hierarchy Separator                : /
Bus Delimiter                      : <>
Case Specifier                     : Maintain
Slice Utilization Ratio            : 100
BRAM Utilization Ratio             : 100
Verilog 2001                       : YES
Auto BRAM Packing                  : NO
Slice Utilization Ratio Delta      : 5

=========================================================================


=========================================================================
*                          HDL Compilation                              *
=========================================================================
Compiling vhdl file "C:/Xilinx/Ejercicios_Replicas/diag.vhd" in Library work.
Entity <diag> compiled.
Entity <diag> (Architecture <arq_diag>) compiled.

=========================================================================
*                     Design Hierarchy Analysis                         *
=========================================================================
Analyzing hierarchy for entity <diag> in library <work> (architecture <arq_diag>).


=========================================================================
*                            HDL Analysis                               *
=========================================================================
Analyzing Entity <diag> in library <work> (Architecture <arq_diag>).
Entity <diag> analyzed. Unit <diag> generated.


=========================================================================
*                           HDL Synthesis                               *
=========================================================================

Performing bidirectional port resolution...

Synthesizing Unit <diag>.
    Related source file is "C:/Xilinx/Ejercicios_Replicas/diag.vhd".
    Found finite state machine <FSM_0> for signal <edo_pres>.
    -----------------------------------------------------------------------
    | States             | 5                                              |
    | Transitions        | 9                                              |
    | Inputs             | 1                                              |
    | Outputs            | 5                                              |
    | Clock              | clk                       (rising_edge)        |
    | Power Up State     | q0                                             |
    | Encoding           | automatic                                      |
    | Implementation     | LUT                                            |
    -----------------------------------------------------------------------
    Summary:
	inferred   1 Finite State Machine(s).
Unit <diag> synthesized.


=========================================================================
HDL Synthesis Report

Found no macro
=========================================================================

=========================================================================
*                       Advanced HDL Synthesis                          *
=========================================================================

Analyzing FSM <FSM_0> for best encoding.
Optimizing FSM <edo_pres/FSM> on signal <edo_pres[1:5]> with one-hot encoding.
-------------------
 State | Encoding
-------------------
 q0    | 00001
 q1    | 00100
 q2    | 01000
 q3    | 10000
 q4    | 00010
-------------------
WARNING:Xst:1426 - The value init of the FF/Latch FFd5 hinder the constant cleaning in the block FSM.
   You should achieve better results by setting this init to 0.

=========================================================================
Advanced HDL Synthesis Report

Macro Statistics
# FSMs                                                 : 1

=========================================================================

=========================================================================
*                         Low Level Synthesis                           *
=========================================================================
WARNING:Xst:1426 - The value init of the FF/Latch FSM_FFd5 hinder the constant cleaning in the block FSM_0-parent.
   You should achieve better results by setting this init to 0.

Optimizing unit <diag> ...

Mapping all equations...
Building and optimizing final netlist ...
Found area constraint ratio of 100 (+ 5) on block diag, actual ratio is 0.

Final Macro Processing ...

=========================================================================
Final Register Report

Macro Statistics
# Registers                                            : 5
 Flip-Flops                                            : 5

=========================================================================

=========================================================================
*                           Partition Report                            *
=========================================================================

Partition Implementation Status
-------------------------------

  No Partitions were found in this design.

-------------------------------

=========================================================================
*                            Final Report                               *
=========================================================================
Final Results
RTL Top Level Output File Name     : diag.ngr
Top Level Output File Name         : diag
Output Format                      : NGC
Optimization Goal                  : Speed
Keep Hierarchy                     : No

Design Statistics
# IOs                              : 3

Cell Usage :
# BELS                             : 5
#      GND                         : 1
#      INV                         : 1
#      LUT2                        : 2
#      LUT3                        : 1
# FlipFlops/Latches                : 5
#      FD                          : 3
#      FDR                         : 1
#      FDS                         : 1
# Clock Buffers                    : 1
#      BUFGP                       : 1
# IO Buffers                       : 2
#      IBUF                        : 1
#      OBUF                        : 1
=========================================================================

Device utilization summary:
---------------------------

Selected Device : 3s50pq208-5 

 Number of Slices:                        3  out of    768     0%  
 Number of Slice Flip Flops:              5  out of   1536     0%  
 Number of 4 input LUTs:                  4  out of   1536     0%  
 Number of IOs:                           3
 Number of bonded IOBs:                   3  out of    124     2%  
 Number of GCLKs:                         1  out of      8    12%  

---------------------------
Partition Resource Summary:
---------------------------

  No Partitions were found in this design.

---------------------------


=========================================================================
TIMING REPORT

NOTE: THESE TIMING NUMBERS ARE ONLY A SYNTHESIS ESTIMATE.
      FOR ACCURATE TIMING INFORMATION PLEASE REFER TO THE TRACE REPORT
      GENERATED AFTER PLACE-and-ROUTE.

Clock Information:
------------------
-----------------------------------+------------------------+-------+
Clock Signal                       | Clock buffer(FF name)  | Load  |
-----------------------------------+------------------------+-------+
clk                                | BUFGP                  | 5     |
-----------------------------------+------------------------+-------+

Asynchronous Control Signals Information:
----------------------------------------
No asynchronous control signals found in this design

Timing Summary:
---------------
Speed Grade: -5

   Minimum period: 2.707ns (Maximum Frequency: 369.372MHz)
   Minimum input arrival time before clock: 2.444ns
   Maximum output required time after clock: 7.610ns
   Maximum combinational path delay: 7.923ns

Timing Detail:
--------------
All values displayed in nanoseconds (ns)

=========================================================================
Timing constraint: Default period analysis for Clock 'clk'
  Clock period: 2.707ns (frequency: 369.372MHz)
  Total number of paths / destination ports: 6 / 5
-------------------------------------------------------------------------
Delay:               2.707ns (Levels of Logic = 1)
  Source:            edo_pres_FSM_FFd1 (FF)
  Destination:       edo_pres_FSM_FFd4 (FF)
  Source Clock:      clk rising
  Destination Clock: clk rising

  Data Path: edo_pres_FSM_FFd1 to edo_pres_FSM_FFd4
                                Gate     Net
    Cell:in->out      fanout   Delay   Delay  Logical Name (Net Name)
    ----------------------------------------  ------------
     FDS:C->Q              2   0.626   0.745  edo_pres_FSM_FFd1 (edo_pres_FSM_FFd1)
     INV:I->O              1   0.479   0.681  edo_pres_FSM_FFd4-In11_INV_0 (edo_pres_FSM_FFd4-In1)
     FDR:D                     0.176          edo_pres_FSM_FFd4
    ----------------------------------------
    Total                      2.707ns (1.281ns logic, 1.426ns route)
                                       (47.3% logic, 52.7% route)

=========================================================================
Timing constraint: Default OFFSET IN BEFORE for Clock 'clk'
  Total number of paths / destination ports: 4 / 4
-------------------------------------------------------------------------
Offset:              2.444ns (Levels of Logic = 2)
  Source:            x (PAD)
  Destination:       edo_pres_FSM_FFd3 (FF)
  Destination Clock: clk rising

  Data Path: x to edo_pres_FSM_FFd3
                                Gate     Net
    Cell:in->out      fanout   Delay   Delay  Logical Name (Net Name)
    ----------------------------------------  ------------
     IBUF:I->O             4   0.715   1.074  x_IBUF (x_IBUF)
     LUT2:I0->O            1   0.479   0.000  edo_pres_FSM_FFd2-In1 (edo_pres_FSM_FFd2-In)
     FD:D                      0.176          edo_pres_FSM_FFd2
    ----------------------------------------
    Total                      2.444ns (1.370ns logic, 1.074ns route)
                                       (56.0% logic, 44.0% route)

=========================================================================
Timing constraint: Default OFFSET OUT AFTER for Clock 'clk'
  Total number of paths / destination ports: 1 / 1
-------------------------------------------------------------------------
Offset:              7.610ns (Levels of Logic = 2)
  Source:            edo_pres_FSM_FFd2 (FF)
  Destination:       z (PAD)
  Source Clock:      clk rising

  Data Path: edo_pres_FSM_FFd2 to z
                                Gate     Net
    Cell:in->out      fanout   Delay   Delay  Logical Name (Net Name)
    ----------------------------------------  ------------
     FD:C->Q               1   0.626   0.851  edo_pres_FSM_FFd2 (edo_pres_FSM_FFd2)
     LUT2:I1->O            2   0.479   0.745  z1 (edo_pres_FSM_FFd1-In1)
     OBUF:I->O                 4.909          z_OBUF (z)
    ----------------------------------------
    Total                      7.610ns (6.014ns logic, 1.596ns route)
                                       (79.0% logic, 21.0% route)

=========================================================================
Timing constraint: Default path analysis
  Total number of paths / destination ports: 1 / 1
-------------------------------------------------------------------------
Delay:               7.923ns (Levels of Logic = 3)
  Source:            x (PAD)
  Destination:       z (PAD)

  Data Path: x to z
                                Gate     Net
    Cell:in->out      fanout   Delay   Delay  Logical Name (Net Name)
    ----------------------------------------  ------------
     IBUF:I->O             4   0.715   1.074  x_IBUF (x_IBUF)
     LUT2:I0->O            2   0.479   0.745  z1 (edo_pres_FSM_FFd1-In1)
     OBUF:I->O                 4.909          z_OBUF (z)
    ----------------------------------------
    Total                      7.923ns (6.103ns logic, 1.820ns route)
                                       (77.0% logic, 23.0% route)

=========================================================================


Total REAL time to Xst completion: 6.00 secs
Total CPU time to Xst completion: 5.29 secs
 
--> 

Total memory usage is 4497432 kilobytes

Number of errors   :    0 (   0 filtered)
Number of warnings :    2 (   0 filtered)
Number of infos    :    0 (   0 filtered)

