Release 14.7 - xst P.20131013 (nt64)
Copyright (c) 1995-2013 Xilinx, Inc.  All rights reserved.
--> Parameter TMPDIR set to xst/projnav.tmp


Total REAL time to Xst completion: 1.00 secs
Total CPU time to Xst completion: 0.16 secs
 
--> Parameter xsthdpdir set to xst


Total REAL time to Xst completion: 1.00 secs
Total CPU time to Xst completion: 0.16 secs
 
--> Reading design: diagrama.prj

TABLE OF CONTENTS
  1) Synthesis Options Summary
  2) HDL Compilation
  3) Design Hierarchy Analysis
  4) HDL Analysis
  5) HDL Synthesis
     5.1) HDL Synthesis Report
  6) Advanced HDL Synthesis
     6.1) Advanced HDL Synthesis Report
  7) Low Level Synthesis
  8) Partition Report
  9) Final Report
	9.1) Device utilization summary
	9.2) Partition Resource Summary
	9.3) TIMING REPORT


=========================================================================
*                      Synthesis Options Summary                        *
=========================================================================
---- Source Parameters
Input File Name                    : "diagrama.prj"
Input Format                       : mixed
Ignore Synthesis Constraint File   : NO

---- Target Parameters
Output File Name                   : "diagrama"
Output Format                      : NGC
Target Device                      : xc3s50-5-pq208

---- Source Options
Top Module Name                    : diagrama
Automatic FSM Extraction           : YES
FSM Encoding Algorithm             : Auto
Safe Implementation                : No
FSM Style                          : LUT
RAM Extraction                     : Yes
RAM Style                          : Auto
ROM Extraction                     : Yes
Mux Style                          : Auto
Decoder Extraction                 : YES
Priority Encoder Extraction        : Yes
Shift Register Extraction          : YES
Logical Shifter Extraction         : YES
XOR Collapsing                     : YES
ROM Style                          : Auto
Mux Extraction                     : Yes
Resource Sharing                   : YES
Asynchronous To Synchronous        : NO
Multiplier Style                   : Auto
Automatic Register Balancing       : No

---- Target Options
Add IO Buffers                     : YES
Global Maximum Fanout              : 100000
Add Generic Clock Buffer(BUFG)     : 8
Register Duplication               : YES
Slice Packing                      : YES
Optimize Instantiated Primitives   : NO
Use Clock Enable                   : Yes
Use Synchronous Set                : Yes
Use Synchronous Reset              : Yes
Pack IO Registers into IOBs        : Auto
Equivalent register Removal        : YES

---- General Options
Optimization Goal                  : Speed
Optimization Effort                : 1
Keep Hierarchy                     : No
Netlist Hierarchy                  : As_Optimized
RTL Output                         : Yes
Global Optimization                : AllClockNets
Read Cores                         : YES
Write Timing Constraints           : NO
Cross Clock Analysis               : NO
Hierarchy Separator                : /
Bus Delimiter                      : <>
Case Specifier                     : Maintain
Slice Utilization Ratio            : 100
BRAM Utilization Ratio             : 100
Verilog 2001                       : YES
Auto BRAM Packing                  : NO
Slice Utilization Ratio Delta      : 5

=========================================================================


=========================================================================
*                          HDL Compilation                              *
=========================================================================
Compiling vhdl file "C:/Xilinx/Ejercicios_Replicas/diagrama.vhd" in Library work.
Entity <diagrama> compiled.
Entity <diagrama> (Architecture <arq_diagrama>) compiled.

=========================================================================
*                     Design Hierarchy Analysis                         *
=========================================================================
Analyzing hierarchy for entity <diagrama> in library <work> (architecture <arq_diagrama>).


=========================================================================
*                            HDL Analysis                               *
=========================================================================
Analyzing Entity <diagrama> in library <work> (Architecture <arq_diagrama>).
Entity <diagrama> analyzed. Unit <diagrama> generated.


=========================================================================
*                           HDL Synthesis                               *
=========================================================================

Performing bidirectional port resolution...

Synthesizing Unit <diagrama>.
    Related source file is "C:/Xilinx/Ejercicios_Replicas/diagrama.vhd".
    Found finite state machine <FSM_0> for signal <edo_presente>.
    -----------------------------------------------------------------------
    | States             | 4                                              |
    | Transitions        | 8                                              |
    | Inputs             | 1                                              |
    | Outputs            | 4                                              |
    | Clock              | clk                       (rising_edge)        |
    | Power Up State     | d0                                             |
    | Encoding           | automatic                                      |
    | Implementation     | LUT                                            |
    -----------------------------------------------------------------------
    Summary:
	inferred   1 Finite State Machine(s).
Unit <diagrama> synthesized.


=========================================================================
HDL Synthesis Report

Found no macro
=========================================================================

=========================================================================
*                       Advanced HDL Synthesis                          *
=========================================================================

Analyzing FSM <FSM_0> for best encoding.
Optimizing FSM <edo_presente/FSM> on signal <edo_presente[1:2]> with user encoding.
-------------------
 State | Encoding
-------------------
 d0    | 00
 d1    | 01
 d2    | 10
 d3    | 11
-------------------

=========================================================================
Advanced HDL Synthesis Report

Macro Statistics
# FSMs                                                 : 1

=========================================================================

=========================================================================
*                         Low Level Synthesis                           *
=========================================================================

Optimizing unit <diagrama> ...

Mapping all equations...
Building and optimizing final netlist ...
Found area constraint ratio of 100 (+ 5) on block diagrama, actual ratio is 0.

Final Macro Processing ...

=========================================================================
Final Register Report

Macro Statistics
# Registers                                            : 2
 Flip-Flops                                            : 2

=========================================================================

=========================================================================
*                           Partition Report                            *
=========================================================================

Partition Implementation Status
-------------------------------

  No Partitions were found in this design.

-------------------------------

=========================================================================
*                            Final Report                               *
=========================================================================
Final Results
RTL Top Level Output File Name     : diagrama.ngr
Top Level Output File Name         : diagrama
Output Format                      : NGC
Optimization Goal                  : Speed
Keep Hierarchy                     : No

Design Statistics
# IOs                              : 3

Cell Usage :
# BELS                             : 3
#      LUT2                        : 1
#      LUT3                        : 2
# FlipFlops/Latches                : 2
#      FD                          : 2
# Clock Buffers                    : 1
#      BUFGP                       : 1
# IO Buffers                       : 2
#      IBUF                        : 1
#      OBUF                        : 1
=========================================================================

Device utilization summary:
---------------------------

Selected Device : 3s50pq208-5 

 Number of Slices:                        2  out of    768     0%  
 Number of Slice Flip Flops:              2  out of   1536     0%  
 Number of 4 input LUTs:                  3  out of   1536     0%  
 Number of IOs:                           3
 Number of bonded IOBs:                   3  out of    124     2%  
 Number of GCLKs:                         1  out of      8    12%  

---------------------------
Partition Resource Summary:
---------------------------

  No Partitions were found in this design.

---------------------------


=========================================================================
TIMING REPORT

NOTE: THESE TIMING NUMBERS ARE ONLY A SYNTHESIS ESTIMATE.
      FOR ACCURATE TIMING INFORMATION PLEASE REFER TO THE TRACE REPORT
      GENERATED AFTER PLACE-and-ROUTE.

Clock Information:
------------------
-----------------------------------+------------------------+-------+
Clock Signal                       | Clock buffer(FF name)  | Load  |
-----------------------------------+------------------------+-------+
clk                                | BUFGP                  | 2     |
-----------------------------------+------------------------+-------+

Asynchronous Control Signals Information:
----------------------------------------
No asynchronous control signals found in this design

Timing Summary:
---------------
Speed Grade: -5

   Minimum period: 2.222ns (Maximum Frequency: 450.055MHz)
   Minimum input arrival time before clock: 2.436ns
   Maximum output required time after clock: 7.735ns
   Maximum combinational path delay: 7.614ns

Timing Detail:
--------------
All values displayed in nanoseconds (ns)

=========================================================================
Timing constraint: Default period analysis for Clock 'clk'
  Clock period: 2.222ns (frequency: 450.055MHz)
  Total number of paths / destination ports: 3 / 2
-------------------------------------------------------------------------
Delay:               2.222ns (Levels of Logic = 1)
  Source:            edo_presente_FSM_FFd2 (FF)
  Destination:       edo_presente_FSM_FFd2 (FF)
  Source Clock:      clk rising
  Destination Clock: clk rising

  Data Path: edo_presente_FSM_FFd2 to edo_presente_FSM_FFd2
                                Gate     Net
    Cell:in->out      fanout   Delay   Delay  Logical Name (Net Name)
    ----------------------------------------  ------------
     FD:C->Q               3   0.626   0.941  edo_presente_FSM_FFd2 (edo_presente_FSM_FFd2)
     LUT2:I1->O            1   0.479   0.000  edo_presente_FSM_FFd2-In1 (edo_presente_FSM_FFd2-In)
     FD:D                      0.176          edo_presente_FSM_FFd2
    ----------------------------------------
    Total                      2.222ns (1.281ns logic, 0.941ns route)
                                       (57.7% logic, 42.3% route)

=========================================================================
Timing constraint: Default OFFSET IN BEFORE for Clock 'clk'
  Total number of paths / destination ports: 2 / 2
-------------------------------------------------------------------------
Offset:              2.436ns (Levels of Logic = 2)
  Source:            x (PAD)
  Destination:       edo_presente_FSM_FFd1 (FF)
  Destination Clock: clk rising

  Data Path: x to edo_presente_FSM_FFd1
                                Gate     Net
    Cell:in->out      fanout   Delay   Delay  Logical Name (Net Name)
    ----------------------------------------  ------------
     IBUF:I->O             3   0.715   1.066  x_IBUF (x_IBUF)
     LUT2:I0->O            1   0.479   0.000  edo_presente_FSM_FFd2-In1 (edo_presente_FSM_FFd2-In)
     FD:D                      0.176          edo_presente_FSM_FFd2
    ----------------------------------------
    Total                      2.436ns (1.370ns logic, 1.066ns route)
                                       (56.2% logic, 43.8% route)

=========================================================================
Timing constraint: Default OFFSET OUT AFTER for Clock 'clk'
  Total number of paths / destination ports: 2 / 1
-------------------------------------------------------------------------
Offset:              7.735ns (Levels of Logic = 2)
  Source:            edo_presente_FSM_FFd1 (FF)
  Destination:       z (PAD)
  Source Clock:      clk rising

  Data Path: edo_presente_FSM_FFd1 to z
                                Gate     Net
    Cell:in->out      fanout   Delay   Delay  Logical Name (Net Name)
    ----------------------------------------  ------------
     FD:C->Q               2   0.626   1.040  edo_presente_FSM_FFd1 (edo_presente_FSM_FFd1)
     LUT3:I0->O            1   0.479   0.681  z1 (z_OBUF)
     OBUF:I->O                 4.909          z_OBUF (z)
    ----------------------------------------
    Total                      7.735ns (6.014ns logic, 1.721ns route)
                                       (77.7% logic, 22.3% route)

=========================================================================
Timing constraint: Default path analysis
  Total number of paths / destination ports: 1 / 1
-------------------------------------------------------------------------
Delay:               7.614ns (Levels of Logic = 3)
  Source:            x (PAD)
  Destination:       z (PAD)

  Data Path: x to z
                                Gate     Net
    Cell:in->out      fanout   Delay   Delay  Logical Name (Net Name)
    ----------------------------------------  ------------
     IBUF:I->O             3   0.715   0.830  x_IBUF (x_IBUF)
     LUT3:I2->O            1   0.479   0.681  z1 (z_OBUF)
     OBUF:I->O                 4.909          z_OBUF (z)
    ----------------------------------------
    Total                      7.614ns (6.103ns logic, 1.511ns route)
                                       (80.2% logic, 19.8% route)

=========================================================================


Total REAL time to Xst completion: 6.00 secs
Total CPU time to Xst completion: 5.73 secs
 
--> 

Total memory usage is 4497480 kilobytes

Number of errors   :    0 (   0 filtered)
Number of warnings :    0 (   0 filtered)
Number of infos    :    0 (   0 filtered)

