Command line:
   cont_isim_beh.exe
     -simmode  gui
     -simrunnum  0
     -socket  53839

Thu Jul 07 18:23:23 2022


 Elaboration Time: 0.0625 sec

 Current Memory Usage: 5150.72 Meg

 Total Signals          : 3
 Total Nets             : 3
 Total Signal Drivers   : 1
 Total Blocks           : 4
 Total Primitive Blocks : 4
 Total Processes        : 1
 Total Traceable Variables  : 10
 Total Scalar Nets and Variables : 381
Total Line Count : 4

 Total Simulation Time: 0.359375 sec

 Current Memory Usage: 5150.72 Meg

Thu Jul 07 18:23:51 2022

