Command line:
   contador5_isim_beh.exe
     -simmode  gui
     -simrunnum  0
     -socket  53905

Thu Jul 07 18:50:27 2022


 Elaboration Time: 0.046875 sec

 Current Memory Usage: 5150.81 Meg

 Total Signals          : 5
 Total Nets             : 9
 Total Signal Drivers   : 1
 Total Blocks           : 4
 Total Primitive Blocks : 4
 Total Processes        : 1
 Total Traceable Variables  : 10
 Total Scalar Nets and Variables : 387
Total Line Count : 5

 Total Simulation Time: 0.09375 sec

 Current Memory Usage: 5150.81 Meg

Thu Jul 07 18:50:49 2022

